<?xml version="1.0" encoding="UTF-8"?>
<!-- Generated by org.testng.reporters.JUnitReportReporter -->
<testsuite hostname="DESKTOP-BK8R38T" failures="0" tests="1" name="test.Tc2" time="0.013" errors="0" timestamp="2024-01-09T11:50:48 IST" skipped="0">
  <testcase classname="test.Tc2" name="tc2" time="0.013"/>
  <system-out>
    <![CDATA[Tc2 Ruuning
Tc2 testing]]>
  </system-out>
</testsuite> <!-- test.Tc2 -->
